<?xml version="1.0" encoding="UTF-8"?>
<!-- Generated by org.testng.reporters.JUnitReportReporter -->
<testsuite hostname="LAPTOP-RPKGN613" failures="0" tests="3" name="SignInTest" time="106.711" errors="0" timestamp="6 Dec 2022 23:36:35 GMT">
  <testcase classname="SignInTest" name="testJoscoSigninTestCase1" time="18.691"/>
  <testcase classname="SignInTest" name="testProductCheckTestCase2" time="52.183"/>
  <testcase classname="SignInTest" name="testJoscoTestCase3" time="35.837"/>
</testsuite> <!-- SignInTest -->
